2019-04-22 15:30:26.135  INFO 1651 --- [main] jellycat.flight.FlightApplication        : Starting FlightApplication on autoreg-162574.dyn.wpi.edu with PID 1651 (/Users/yukizhong/Downloads/flight/target/classes started by yukizhong in /Users/yukizhong/Downloads/flight)
2019-04-22 15:30:26.143 DEBUG 1651 --- [main] jellycat.flight.FlightApplication        : Running with Spring Boot v2.1.3.RELEASE, Spring v5.1.5.RELEASE
2019-04-22 15:30:26.154  INFO 1651 --- [main] jellycat.flight.FlightApplication        : No active profile set, falling back to default profiles: default
2019-04-22 15:30:27.881  INFO 1651 --- [main] jellycat.flight.FlightApplication        : Started FlightApplication in 2.423 seconds (JVM running for 3.705)
2019-04-22 15:31:30.187  INFO 1655 --- [main] jellycat.flight.testDataLoad             : Starting testDataLoad on autoreg-162574.dyn.wpi.edu with PID 1655 (started by yukizhong in /Users/yukizhong/Downloads/flight)
2019-04-22 15:31:30.188 DEBUG 1655 --- [main] jellycat.flight.testDataLoad             : Running with Spring Boot v2.1.3.RELEASE, Spring v5.1.5.RELEASE
2019-04-22 15:31:30.188  INFO 1655 --- [main] jellycat.flight.testDataLoad             : No active profile set, falling back to default profiles: default
2019-04-22 15:31:32.399  INFO 1655 --- [main] jellycat.flight.testDataLoad             : Started testDataLoad in 2.942 seconds (JVM running for 3.894)
2019-04-22 15:31:40.985  INFO 1657 --- [main] jellycat.flight.testLockandUnlock        : Starting testLockandUnlock on autoreg-162574.dyn.wpi.edu with PID 1657 (started by yukizhong in /Users/yukizhong/Downloads/flight)
2019-04-22 15:31:40.986 DEBUG 1657 --- [main] jellycat.flight.testLockandUnlock        : Running with Spring Boot v2.1.3.RELEASE, Spring v5.1.5.RELEASE
2019-04-22 15:31:40.987  INFO 1657 --- [main] jellycat.flight.testLockandUnlock        : No active profile set, falling back to default profiles: default
2019-04-22 15:31:43.284  INFO 1657 --- [main] jellycat.flight.testLockandUnlock        : Started testLockandUnlock in 2.995 seconds (JVM running for 3.968)
2019-04-22 15:31:57.933  INFO 1661 --- [main] jellycat.flight.testTravelSearch         : Starting testTravelSearch on autoreg-162574.dyn.wpi.edu with PID 1661 (started by yukizhong in /Users/yukizhong/Downloads/flight)
2019-04-22 15:31:57.934 DEBUG 1661 --- [main] jellycat.flight.testTravelSearch         : Running with Spring Boot v2.1.3.RELEASE, Spring v5.1.5.RELEASE
2019-04-22 15:31:57.935  INFO 1661 --- [main] jellycat.flight.testTravelSearch         : No active profile set, falling back to default profiles: default
2019-04-22 15:32:00.363  INFO 1661 --- [main] jellycat.flight.testTravelSearch         : Started testTravelSearch in 3.159 seconds (JVM running for 4.098)
2019-04-22 15:33:29.557  INFO 1664 --- [main] jellycat.flight.timeTest                 : Starting timeTest on autoreg-162574.dyn.wpi.edu with PID 1664 (started by yukizhong in /Users/yukizhong/Downloads/flight)
2019-04-22 15:33:29.558 DEBUG 1664 --- [main] jellycat.flight.timeTest                 : Running with Spring Boot v2.1.3.RELEASE, Spring v5.1.5.RELEASE
2019-04-22 15:33:29.559  INFO 1664 --- [main] jellycat.flight.timeTest                 : No active profile set, falling back to default profiles: default
2019-04-22 15:33:31.944  INFO 1664 --- [main] jellycat.flight.timeTest                 : Started timeTest in 3.117 seconds (JVM running for 4.028)
2019-04-22 15:34:42.765  INFO 1666 --- [main] jellycat.flight.testTime                 : Starting testTime on autoreg-162574.dyn.wpi.edu with PID 1666 (started by yukizhong in /Users/yukizhong/Downloads/flight)
2019-04-22 15:34:42.766 DEBUG 1666 --- [main] jellycat.flight.testTime                 : Running with Spring Boot v2.1.3.RELEASE, Spring v5.1.5.RELEASE
2019-04-22 15:34:42.767  INFO 1666 --- [main] jellycat.flight.testTime                 : No active profile set, falling back to default profiles: default
2019-04-22 15:34:45.714  INFO 1666 --- [main] jellycat.flight.testTime                 : Started testTime in 3.657 seconds (JVM running for 4.736)
2019-04-22 15:37:12.332  INFO 1678 --- [main] jellycat.flight.testTime                 : Starting testTime on autoreg-162574.dyn.wpi.edu with PID 1678 (started by yukizhong in /Users/yukizhong/Downloads/flight)
2019-04-22 15:37:12.333 DEBUG 1678 --- [main] jellycat.flight.testTime                 : Running with Spring Boot v2.1.3.RELEASE, Spring v5.1.5.RELEASE
2019-04-22 15:37:12.334  INFO 1678 --- [main] jellycat.flight.testTime                 : No active profile set, falling back to default profiles: default
2019-04-22 15:37:14.443  INFO 1678 --- [main] jellycat.flight.testTime                 : Started testTime in 2.758 seconds (JVM running for 4.08)
2019-04-22 15:37:25.308  INFO 1680 --- [main] jellycat.flight.testResponseTime         : Starting testResponseTime on autoreg-162574.dyn.wpi.edu with PID 1680 (started by yukizhong in /Users/yukizhong/Downloads/flight)
2019-04-22 15:37:25.309 DEBUG 1680 --- [main] jellycat.flight.testResponseTime         : Running with Spring Boot v2.1.3.RELEASE, Spring v5.1.5.RELEASE
2019-04-22 15:37:25.310  INFO 1680 --- [main] jellycat.flight.testResponseTime         : No active profile set, falling back to default profiles: default
2019-04-22 15:37:27.475  INFO 1680 --- [main] jellycat.flight.testResponseTime         : Started testResponseTime in 2.951 seconds (JVM running for 3.851)
2019-04-22 15:38:24.321  INFO 1690 --- [main] jellycat.flight.testResponseTime         : Starting testResponseTime on autoreg-162574.dyn.wpi.edu with PID 1690 (started by yukizhong in /Users/yukizhong/Downloads/flight)
2019-04-22 15:38:24.322 DEBUG 1690 --- [main] jellycat.flight.testResponseTime         : Running with Spring Boot v2.1.3.RELEASE, Spring v5.1.5.RELEASE
2019-04-22 15:38:24.322  INFO 1690 --- [main] jellycat.flight.testResponseTime         : No active profile set, falling back to default profiles: default
2019-04-22 15:38:26.395  INFO 1690 --- [main] jellycat.flight.testResponseTime         : Started testResponseTime in 2.803 seconds (JVM running for 3.744)
2019-04-22 15:41:42.317  INFO 1700 --- [main] jellycat.flight.testResponseTime         : Starting testResponseTime on autoreg-162574.dyn.wpi.edu with PID 1700 (started by yukizhong in /Users/yukizhong/Downloads/flight)
2019-04-22 15:41:42.318 DEBUG 1700 --- [main] jellycat.flight.testResponseTime         : Running with Spring Boot v2.1.3.RELEASE, Spring v5.1.5.RELEASE
2019-04-22 15:41:42.319  INFO 1700 --- [main] jellycat.flight.testResponseTime         : No active profile set, falling back to default profiles: default
2019-04-22 15:41:44.587  INFO 1700 --- [main] jellycat.flight.testResponseTime         : Started testResponseTime in 3.062 seconds (JVM running for 4.027)
2019-04-22 15:42:30.267  INFO 1704 --- [main] jellycat.flight.testResponseTime         : Starting testResponseTime on autoreg-162574.dyn.wpi.edu with PID 1704 (started by yukizhong in /Users/yukizhong/Downloads/flight)
2019-04-22 15:42:30.270 DEBUG 1704 --- [main] jellycat.flight.testResponseTime         : Running with Spring Boot v2.1.3.RELEASE, Spring v5.1.5.RELEASE
2019-04-22 15:42:30.271  INFO 1704 --- [main] jellycat.flight.testResponseTime         : No active profile set, falling back to default profiles: default
2019-04-22 15:42:32.248  INFO 1704 --- [main] jellycat.flight.testResponseTime         : Started testResponseTime in 2.745 seconds (JVM running for 3.708)
2019-04-22 18:07:52.089  INFO 1863 --- [main] jellycat.flight.testResponseTime         : Starting testResponseTime on autoreg-162574.dyn.wpi.edu with PID 1863 (started by yukizhong in /Users/yukizhong/Downloads/flight)
2019-04-22 18:07:52.090 DEBUG 1863 --- [main] jellycat.flight.testResponseTime         : Running with Spring Boot v2.1.3.RELEASE, Spring v5.1.5.RELEASE
2019-04-22 18:07:52.091  INFO 1863 --- [main] jellycat.flight.testResponseTime         : No active profile set, falling back to default profiles: default
2019-04-22 18:07:55.430  INFO 1863 --- [main] jellycat.flight.testResponseTime         : Started testResponseTime in 4.458 seconds (JVM running for 5.607)
2019-04-22 18:11:53.558  INFO 1873 --- [main] jellycat.flight.testResponseTime         : Starting testResponseTime on autoreg-162574.dyn.wpi.edu with PID 1873 (started by yukizhong in /Users/yukizhong/Downloads/flight)
2019-04-22 18:11:53.559 DEBUG 1873 --- [main] jellycat.flight.testResponseTime         : Running with Spring Boot v2.1.3.RELEASE, Spring v5.1.5.RELEASE
2019-04-22 18:11:53.564  INFO 1873 --- [main] jellycat.flight.testResponseTime         : No active profile set, falling back to default profiles: default
2019-04-22 18:11:55.978  INFO 1873 --- [main] jellycat.flight.testResponseTime         : Started testResponseTime in 3.137 seconds (JVM running for 4.098)
2019-04-22 18:12:01.568  INFO 1875 --- [main] jellycat.flight.testResponseTime         : Starting testResponseTime on autoreg-162574.dyn.wpi.edu with PID 1875 (started by yukizhong in /Users/yukizhong/Downloads/flight)
2019-04-22 18:12:01.573 DEBUG 1875 --- [main] jellycat.flight.testResponseTime         : Running with Spring Boot v2.1.3.RELEASE, Spring v5.1.5.RELEASE
2019-04-22 18:12:01.574  INFO 1875 --- [main] jellycat.flight.testResponseTime         : No active profile set, falling back to default profiles: default
2019-04-22 18:12:04.024  INFO 1875 --- [main] jellycat.flight.testResponseTime         : Started testResponseTime in 3.197 seconds (JVM running for 4.175)
2019-04-22 18:17:47.308  INFO 1895 --- [main] jellycat.flight.testResponseTime         : Starting testResponseTime on autoreg-162574.dyn.wpi.edu with PID 1895 (started by yukizhong in /Users/yukizhong/Downloads/flight)
2019-04-22 18:17:47.310 DEBUG 1895 --- [main] jellycat.flight.testResponseTime         : Running with Spring Boot v2.1.3.RELEASE, Spring v5.1.5.RELEASE
2019-04-22 18:17:47.310  INFO 1895 --- [main] jellycat.flight.testResponseTime         : No active profile set, falling back to default profiles: default
2019-04-22 18:17:49.692  INFO 1895 --- [main] jellycat.flight.testResponseTime         : Started testResponseTime in 3.134 seconds (JVM running for 4.151)
2019-04-22 18:18:55.181  INFO 1901 --- [main] jellycat.flight.testResponseTime         : Starting testResponseTime on autoreg-162574.dyn.wpi.edu with PID 1901 (started by yukizhong in /Users/yukizhong/Downloads/flight)
2019-04-22 18:18:55.184 DEBUG 1901 --- [main] jellycat.flight.testResponseTime         : Running with Spring Boot v2.1.3.RELEASE, Spring v5.1.5.RELEASE
2019-04-22 18:18:55.185  INFO 1901 --- [main] jellycat.flight.testResponseTime         : No active profile set, falling back to default profiles: default
2019-04-22 18:18:57.969  INFO 1901 --- [main] jellycat.flight.testResponseTime         : Started testResponseTime in 3.652 seconds (JVM running for 4.611)
2019-04-22 18:19:36.644  INFO 1905 --- [main] jellycat.flight.testResponseTime         : Starting testResponseTime on autoreg-162574.dyn.wpi.edu with PID 1905 (started by yukizhong in /Users/yukizhong/Downloads/flight)
2019-04-22 18:19:36.645 DEBUG 1905 --- [main] jellycat.flight.testResponseTime         : Running with Spring Boot v2.1.3.RELEASE, Spring v5.1.5.RELEASE
2019-04-22 18:19:36.645  INFO 1905 --- [main] jellycat.flight.testResponseTime         : No active profile set, falling back to default profiles: default
2019-04-22 18:19:38.690  INFO 1905 --- [main] jellycat.flight.testResponseTime         : Started testResponseTime in 2.875 seconds (JVM running for 3.799)
2019-04-22 18:19:55.404  INFO 1907 --- [main] jellycat.flight.testResponseTime         : Starting testResponseTime on autoreg-162574.dyn.wpi.edu with PID 1907 (started by yukizhong in /Users/yukizhong/Downloads/flight)
2019-04-22 18:19:55.408 DEBUG 1907 --- [main] jellycat.flight.testResponseTime         : Running with Spring Boot v2.1.3.RELEASE, Spring v5.1.5.RELEASE
2019-04-22 18:19:55.408  INFO 1907 --- [main] jellycat.flight.testResponseTime         : No active profile set, falling back to default profiles: default
2019-04-22 18:19:57.805  INFO 1907 --- [main] jellycat.flight.testResponseTime         : Started testResponseTime in 3.106 seconds (JVM running for 4.052)
